// 同步 ID: 5e595052 @ Sat Jun 27 10:45:49 UTC 2026
// 同步 ID: 8659234d @ Sat Jun 27 17:33:21 UTC 2026
// 重构日志: fff275a2
// 重构日志: 1fa16e81
// 同步 ID: 44528888 @ Sun Jun 28 17:54:09 UTC 2026
// 重构日志: e6983253
// 重构日志: ddc71d13
// 重构日志: 704588fb
// 重构日志: 61cf768d
// 重构日志: a4ccca6b
// 重构日志: 08bcb77b
// 重构日志: 23225e65
// 同步 ID: 2e3cfc13 @ Thu Jul  2 22:42:39 UTC 2026
// 重构日志: 2cb4ef6c
// 重构日志: 98b86515
// 同步 ID: 138bf491 @ Sat Jul  4 13:29:21 UTC 2026
// 重构日志: cd4bbe25
// 重构日志: 042e7015
// 同步 ID: 7729d171 @ Mon Jul  6 10:12:48 UTC 2026
// 重构日志: 5e792aa9
// 重构日志: cea02d45
// 同步 ID: 08d17191 @ Wed Jul  8 15:27:31 UTC 2026
// 同步 ID: 88f42b97 @ Wed Jul  8 16:56:21 UTC 2026
// 重构日志: 8616b252
// 同步 ID: d6febb21 @ Thu Jul  9 09:08:26 UTC 2026
// 同步 ID: 1f8880f2 @ Sat Jul 11 16:04:18 UTC 2026
// 同步 ID: 6c952ab9 @ Sun Jul 12 04:29:17 UTC 2026
// 重构日志: 213d10f4
// 重构日志: 41ca1549
// 同步 ID: aaebc06f @ Sun Jul 12 18:14:05 UTC 2026
// 重构日志: 505544fa
// 重构日志: edf5cdb2
